1613572432321	geckodriver	INFO	Listening on 127.0.0.1:55847
1613572432328	mozrunner::runner	INFO	Running command: "/Applications/Firefox.app/Contents/MacOS/firefox-bin" "--marionette" "-foreground" "-no-remote" "-profile" "/var/folders/c4/gbh9fpvs4kgb4lpdxrpm7f9c0000gn/T/rust_mozprofileQWZKHR"
2021-02-17 23:33:53.763 firefox-bin[19318:3781971] Warning: Expected min height of view: (<NSButton: 0x1364a8800>) to be less than or equal to 30 but got a height of 32.000000. This error will be logged once per view in violation.
2021-02-17 23:33:53.763 firefox-bin[19318:3781971] Warning: Expected min height of view: (<NSButton: 0x142bed800>) to be less than or equal to 30 but got a height of 32.000000. This error will be logged once per view in violation.
2021-02-17 23:33:53.763 firefox-bin[19318:3781971] Warning: Expected min height of view: (<NSButton: 0x142be8400>) to be less than or equal to 30 but got a height of 32.000000. This error will be logged once per view in violation.
2021-02-17 23:33:53.764 firefox-bin[19318:3781971] Warning: Expected min height of view: (<NSButton: 0x142bec400>) to be less than or equal to 30 but got a height of 32.000000. This error will be logged once per view in violation.
2021-02-17 23:33:53.764 firefox-bin[19318:3781971] Warning: Expected min height of view: (<NSButton: 0x142bedc00>) to be less than or equal to 30 but got a height of 32.000000. This error will be logged once per view in violation.
2021-02-17 23:33:53.765 firefox-bin[19318:3781971] Warning: Expected min height of view: (<NSPopoverTouchBarItemButton: 0x142beac00>) to be less than or equal to 30 but got a height of 32.000000. This error will be logged once per view in violation.
2021-02-17 23:33:53.765 firefox-bin[19318:3781971] Warning: Expected min height of view: (<NSPopoverTouchBarItemButton: 0x142ee9800>) to be less than or equal to 30 but got a height of 32.000000. This error will be logged once per view in violation.
console.warn: SearchSettings: "get: No settings file exists, new profile?" (new Error("", "(unknown module)"))
console.warn: SearchSettings: "get: No settings file exists, new profile?" (new Error("", "(unknown module)"))
1613572434650	Marionette	INFO	Listening on port 55856
1613572434700	Marionette	WARN	TLS certificate errors will be ignored for this session
1613572434707	Marionette	ERROR	[19] No reply from Marionette:Register
JavaScript error: resource://activity-stream/lib/ASRouter.jsm, line 987: NS_ERROR_ILLEGAL_VALUE: Component returned failure code: 0x80070057 (NS_ERROR_ILLEGAL_VALUE) [nsIObserverService.removeObserver]
1613572435609	Marionette	INFO	Stopped listening on port 55856

###!!! [Parent][RunMessage] Error: Channel closing: too late to send/recv, messages will be lost

1613572447771	geckodriver	INFO	Listening on 127.0.0.1:55921
1613572447779	mozrunner::runner	INFO	Running command: "/Applications/Firefox.app/Contents/MacOS/firefox-bin" "--marionette" "-foreground" "-no-remote" "-profile" "/var/folders/c4/gbh9fpvs4kgb4lpdxrpm7f9c0000gn/T/rust_mozprofileYdfmAS"
2021-02-17 23:34:09.161 firefox-bin[19337:3782556] Warning: Expected min height of view: (<NSButton: 0x13d0f8000>) to be less than or equal to 30 but got a height of 32.000000. This error will be logged once per view in violation.
2021-02-17 23:34:09.161 firefox-bin[19337:3782556] Warning: Expected min height of view: (<NSButton: 0x13d0fa000>) to be less than or equal to 30 but got a height of 32.000000. This error will be logged once per view in violation.
2021-02-17 23:34:09.162 firefox-bin[19337:3782556] Warning: Expected min height of view: (<NSButton: 0x13d0f5000>) to be less than or equal to 30 but got a height of 32.000000. This error will be logged once per view in violation.
2021-02-17 23:34:09.162 firefox-bin[19337:3782556] Warning: Expected min height of view: (<NSButton: 0x13d0fb400>) to be less than or equal to 30 but got a height of 32.000000. This error will be logged once per view in violation.
2021-02-17 23:34:09.163 firefox-bin[19337:3782556] Warning: Expected min height of view: (<NSButton: 0x13d0fa800>) to be less than or equal to 30 but got a height of 32.000000. This error will be logged once per view in violation.
2021-02-17 23:34:09.163 firefox-bin[19337:3782556] Warning: Expected min height of view: (<NSPopoverTouchBarItemButton: 0x13d0f5800>) to be less than or equal to 30 but got a height of 32.000000. This error will be logged once per view in violation.
2021-02-17 23:34:09.164 firefox-bin[19337:3782556] Warning: Expected min height of view: (<NSPopoverTouchBarItemButton: 0x13d44f800>) to be less than or equal to 30 but got a height of 32.000000. This error will be logged once per view in violation.
console.warn: SearchSettings: "get: No settings file exists, new profile?" (new Error("", "(unknown module)"))
console.warn: SearchSettings: "get: No settings file exists, new profile?" (new Error("", "(unknown module)"))
1613572450057	Marionette	INFO	Listening on port 55930
1613572450155	Marionette	WARN	TLS certificate errors will be ignored for this session
1613572450163	Marionette	ERROR	[19] No reply from Marionette:Register
JavaScript error: resource://activity-stream/lib/ASRouter.jsm, line 987: NS_ERROR_ILLEGAL_VALUE: Component returned failure code: 0x80070057 (NS_ERROR_ILLEGAL_VALUE) [nsIObserverService.removeObserver]
1613572450568	Marionette	INFO	Stopped listening on port 55930

###!!! [Parent][RunMessage] Error: Channel closing: too late to send/recv, messages will be lost

